[2019-06-15 12:09:56][INFO ][Slf4jLogger.scala]applyOrElse(101) : Slf4jLogger started
[2019-06-15 12:09:56][DEBUG][Slf4jLogger.scala]$anonfun$applyOrElse$4(97) : logger log1-Slf4jLogger started
[2019-06-15 12:09:56][DEBUG][Slf4jLogger.scala]$anonfun$applyOrElse$4(97) : Default Loggers started
[2019-06-15 12:09:56][INFO ][Slf4jLogger.scala]$anonfun$applyOrElse$3(92) : Received a hi!
[2019-06-15 12:09:56][INFO ][Slf4jLogger.scala]$anonfun$applyOrElse$3(92) : Unexpected message '3'
[2019-06-15 12:09:56][DEBUG][Slf4jLogger.scala]$anonfun$applyOrElse$4(97) : shutting down: StandardOutLogger
[2019-06-15 12:11:34][INFO ][Slf4jLogger.scala]applyOrElse(101) : Slf4jLogger started
[2019-06-15 12:11:34][DEBUG][Slf4jLogger.scala]$anonfun$applyOrElse$4(97) : logger log1-Slf4jLogger started
[2019-06-15 12:11:34][DEBUG][Slf4jLogger.scala]$anonfun$applyOrElse$4(97) : Default Loggers started
[2019-06-15 12:11:34][INFO ][Slf4jLogger.scala]$anonfun$applyOrElse$3(92) : Received a hi!
[2019-06-15 12:11:34][INFO ][Slf4jLogger.scala]$anonfun$applyOrElse$3(92) : Unexpected message '3'
[2019-06-15 12:11:34][DEBUG][Slf4jLogger.scala]$anonfun$applyOrElse$4(97) : shutting down: StandardOutLogger
[2019-06-15 12:11:55][INFO ][Slf4jLogger.scala]applyOrElse(101) : Slf4jLogger started
[2019-06-15 12:11:55][DEBUG][Slf4jLogger.scala]$anonfun$applyOrElse$4(97) : logger log1-Slf4jLogger started
[2019-06-15 12:11:55][DEBUG][Slf4jLogger.scala]$anonfun$applyOrElse$4(97) : Default Loggers started
[2019-06-15 12:11:55][INFO ][Slf4jLogger.scala]$anonfun$applyOrElse$3(92) : Received a hi!
[2019-06-15 12:11:55][INFO ][Slf4jLogger.scala]$anonfun$applyOrElse$3(92) : Unexpected message '3'
[2019-06-15 12:11:55][DEBUG][Slf4jLogger.scala]$anonfun$applyOrElse$4(97) : shutting down: StandardOutLogger
[2019-06-15 12:15:33][INFO ][mysystem-akka.actor.default-dispatcher-3][Slf4jLogger] - Slf4jLogger started
[2019-06-15 12:15:33][DEBUG][mysystem-akka.actor.default-dispatcher-3][EventStream] - logger log1-Slf4jLogger started
[2019-06-15 12:15:33][DEBUG][mysystem-akka.actor.default-dispatcher-3][EventStream] - Default Loggers started
[2019-06-15 12:15:33][INFO ][mysystem-akka.actor.default-dispatcher-3][Hello] - Received a hi!
[2019-06-15 12:15:33][INFO ][mysystem-akka.actor.default-dispatcher-3][Hello] - Unexpected message '3'
[2019-06-15 12:15:33][DEBUG][mysystem-akka.actor.default-dispatcher-2][EventStream] - shutting down: StandardOutLogger
[2019-06-15 12:17:27][INFO ][mysystem-akka.actor.default-dispatcher-2][Slf4jLogger] - Slf4jLogger started
[2019-06-15 12:17:27][DEBUG][mysystem-akka.actor.default-dispatcher-2][EventStream] - logger log1-Slf4jLogger started
[2019-06-15 12:17:27][DEBUG][mysystem-akka.actor.default-dispatcher-2][EventStream] - Default Loggers started
[2019-06-15 12:17:27][INFO ][mysystem-akka.actor.default-dispatcher-3][Hello] - Received a hi!
[2019-06-15 12:17:27][INFO ][mysystem-akka.actor.default-dispatcher-3][Hello] - Unexpected message '3'
[2019-06-15 12:17:27][DEBUG][mysystem-akka.actor.default-dispatcher-4][EventStream] - shutting down: StandardOutLogger
[2019-06-15 12:34:24][INFO ][mysystem-akka.actor.default-dispatcher-3][a.e.s.Slf4jLogger] - Slf4jLogger started
[2019-06-15 12:34:24][DEBUG][mysystem-akka.actor.default-dispatcher-3][a.e.EventStream] - logger log1-Slf4jLogger started
[2019-06-15 12:34:24][DEBUG][mysystem-akka.actor.default-dispatcher-3][a.e.EventStream] - Default Loggers started
[2019-06-15 12:34:24][INFO ][mysystem-akka.actor.default-dispatcher-3][m.s.Hello] - Received a hi!
[2019-06-15 12:34:24][INFO ][mysystem-akka.actor.default-dispatcher-3][m.s.Hello] - Unexpected message '3'
[2019-06-15 12:34:24][DEBUG][mysystem-akka.actor.default-dispatcher-4][a.e.EventStream] - shutting down: StandardOutLogger
[2019-06-15 12:34:59][INFO ][mysystem-akka.actor.default-dispatcher-3][a.e.s.Slf4jLogger] - Slf4jLogger started
[2019-06-15 12:34:59][DEBUG][mysystem-akka.actor.default-dispatcher-3][a.e.EventStream] - logger log1-Slf4jLogger started
[2019-06-15 12:34:59][DEBUG][mysystem-akka.actor.default-dispatcher-3][a.e.EventStream] - Default Loggers started
[2019-06-15 12:34:59][INFO ][mysystem-akka.actor.default-dispatcher-2][m.s.Hello] - Received a hi!
[2019-06-15 12:34:59][INFO ][mysystem-akka.actor.default-dispatcher-2][m.s.Hello] - Unexpected message '3'
[2019-06-15 12:34:59][DEBUG][mysystem-akka.actor.default-dispatcher-4][a.e.EventStream] - shutting down: StandardOutLogger
[2019-06-15 12:36:41][INFO ][mysystem-akka.actor.default-dispatcher-3][a.e.s.Slf4jLogger] - Slf4jLogger started
[2019-06-15 12:36:41][DEBUG][mysystem-akka.actor.default-dispatcher-3][a.e.EventStream] - logger log1-Slf4jLogger started
[2019-06-15 12:36:41][DEBUG][mysystem-akka.actor.default-dispatcher-3][a.e.EventStream] - Default Loggers started
[2019-06-15 12:36:42][INFO ][mysystem-akka.actor.default-dispatcher-3][m.s.Hello] - Received a hi!
[2019-06-15 12:36:42][INFO ][mysystem-akka.actor.default-dispatcher-3][m.s.Hello] - Unexpected message '3'
[2019-06-15 12:36:42][DEBUG][mysystem-akka.actor.default-dispatcher-2][a.e.EventStream] - shutting down: StandardOutLogger
[2019-06-15 12:37:15][INFO ][mysystem-akka.actor.default-dispatcher-3][a.e.s.Slf4jLogger] - Slf4jLogger started
[2019-06-15 12:37:15][DEBUG][mysystem-akka.actor.default-dispatcher-3][a.e.EventStream] - logger log1-Slf4jLogger started
[2019-06-15 12:37:15][DEBUG][mysystem-akka.actor.default-dispatcher-3][a.e.EventStream] - Default Loggers started
[2019-06-15 12:37:15][INFO ][mysystem-akka.actor.default-dispatcher-2][m.s.Hello] - Received a hi!
[2019-06-15 12:37:15][INFO ][mysystem-akka.actor.default-dispatcher-2][m.s.Hello] - Unexpected message '3'
[2019-06-15 12:37:15][DEBUG][mysystem-akka.actor.default-dispatcher-3][a.e.EventStream] - shutting down: StandardOutLogger
[2019-06-15 12:38:13][INFO ][mysystem-akka.actor.default-dispatcher-3][a.e.s.Slf4jLogger] - Slf4jLogger started
[2019-06-15 12:38:13][DEBUG][mysystem-akka.actor.default-dispatcher-3][a.e.EventStream] - logger log1-Slf4jLogger started
[2019-06-15 12:38:13][DEBUG][mysystem-akka.actor.default-dispatcher-3][a.e.EventStream] - Default Loggers started
[2019-06-15 12:38:13][INFO ][mysystem-akka.actor.default-dispatcher-4][m.s.Hello] - Received a hi!
[2019-06-15 12:38:13][INFO ][mysystem-akka.actor.default-dispatcher-4][m.s.Hello] - Unexpected message '3'
[2019-06-15 12:38:13][DEBUG][mysystem-akka.actor.default-dispatcher-3][a.e.EventStream] - shutting down: StandardOutLogger
[2019-06-15 12:48:51][INFO ][main][m.s.Application$] - starting
[2019-06-15 12:48:51][INFO ][mysystem-akka.actor.default-dispatcher-3][a.e.s.Slf4jLogger] - Slf4jLogger started
[2019-06-15 12:48:51][DEBUG][mysystem-akka.actor.default-dispatcher-3][a.e.EventStream] - logger log1-Slf4jLogger started
[2019-06-15 12:48:51][DEBUG][mysystem-akka.actor.default-dispatcher-3][a.e.EventStream] - Default Loggers started
[2019-06-15 12:48:51][INFO ][mysystem-my-blocking-dispatcher-5][m.s.Hello] - Received!!
[2019-06-15 12:48:51][INFO ][mysystem-akka.actor.default-dispatcher-3][m.s.Hello] - Received a hi!
[2019-06-15 12:48:51][INFO ][mysystem-akka.actor.default-dispatcher-3][m.s.Hello] - Unexpected message '3'
[2019-06-15 12:49:12][INFO ][shutdownHook1][m.s.Application$] - exiting
